[07-Jul-2016 08:46:53 UTC] PHP Warning:  Invalid argument supplied for foreach() in /home/ubuntu/workspace/web1.0/setDate.php on line 26
[07-Jul-2016 08:46:53 UTC] PHP Stack trace:
[07-Jul-2016 08:46:53 UTC] PHP   1. {main}() /home/ubuntu/workspace/web1.0/views/index.php:0
[07-Jul-2016 08:46:53 UTC] PHP   2. require_once() /home/ubuntu/workspace/web1.0/views/index.php:2
[11-Jul-2016 01:39:55 UTC] PHP Warning:  require_once(prizeItems.php): failed to open stream: No such file or directory in /home/ubuntu/workspace/web1.0/getWinNumber.php on line 7
[11-Jul-2016 01:39:55 UTC] PHP Stack trace:
[11-Jul-2016 01:39:55 UTC] PHP   1. {main}() /home/ubuntu/workspace/web1.0/views/index.php:0
[11-Jul-2016 01:39:55 UTC] PHP   2. require_once() /home/ubuntu/workspace/web1.0/views/index.php:3
[11-Jul-2016 01:39:55 UTC] PHP Fatal error:  require_once(): Failed opening required 'prizeItems.php' (include_path='.:/usr/share/php:/usr/share/pear') in /home/ubuntu/workspace/web1.0/getWinNumber.php on line 7
[11-Jul-2016 01:39:55 UTC] PHP Stack trace:
[11-Jul-2016 01:39:55 UTC] PHP   1. {main}() /home/ubuntu/workspace/web1.0/views/index.php:0
[11-Jul-2016 01:39:55 UTC] PHP   2. require_once() /home/ubuntu/workspace/web1.0/views/index.php:3
[11-Jul-2016 01:53:20 UTC] PHP Warning:  Invalid argument supplied for foreach() in /home/ubuntu/workspace/web1.0/views/index.php on line 122
[11-Jul-2016 01:53:20 UTC] PHP Stack trace:
[11-Jul-2016 01:53:20 UTC] PHP   1. {main}() /home/ubuntu/workspace/web1.0/views/index.php:0
[13-Jul-2016 02:57:03 UTC] PHP Warning:  session_start(): open(/var/lib/php/session/sess_ph019ueroarknq35vdl11a1sh0, O_RDWR) failed: No such file or directory (2) in /home/ubuntu/workspace/web1.0/signUp.php on line 3
[13-Jul-2016 02:57:03 UTC] PHP Stack trace:
[13-Jul-2016 02:57:03 UTC] PHP   1. {main}() /home/ubuntu/workspace/web1.0/views/login.php:0
[13-Jul-2016 02:57:03 UTC] PHP   2. require() /home/ubuntu/workspace/web1.0/views/login.php:2
[13-Jul-2016 02:57:03 UTC] PHP   3. session_start() /home/ubuntu/workspace/web1.0/signUp.php:3
[13-Jul-2016 02:57:03 UTC] PHP Warning:  session_start(): open(/var/lib/php/session/sess_62bnjp5m46t3d4pof5hhjg2pk2, O_RDWR) failed: No such file or directory (2) in /home/ubuntu/workspace/web1.0/signUp.php on line 3
[13-Jul-2016 02:57:03 UTC] PHP Stack trace:
[13-Jul-2016 02:57:03 UTC] PHP   1. {main}() /home/ubuntu/workspace/web1.0/views/login.php:0
[13-Jul-2016 02:57:03 UTC] PHP   2. require() /home/ubuntu/workspace/web1.0/views/login.php:2
[13-Jul-2016 02:57:03 UTC] PHP   3. session_start() /home/ubuntu/workspace/web1.0/signUp.php:3
[13-Jul-2016 02:58:52 UTC] PHP Warning:  session_start(): open(/var/lib/php/session/sess_62bnjp5m46t3d4pof5hhjg2pk2, O_RDWR) failed: No such file or directory (2) in /home/ubuntu/workspace/web1.0/signUp.php on line 2
[13-Jul-2016 02:58:52 UTC] PHP Stack trace:
[13-Jul-2016 02:58:52 UTC] PHP   1. {main}() /home/ubuntu/workspace/web1.0/views/login.php:0
[13-Jul-2016 02:58:52 UTC] PHP   2. require() /home/ubuntu/workspace/web1.0/views/login.php:2
[13-Jul-2016 02:58:52 UTC] PHP   3. session_start() /home/ubuntu/workspace/web1.0/signUp.php:2
[13-Jul-2016 02:59:31 UTC] PHP Warning:  session_start(): open(/var/lib/php/session/sess_62bnjp5m46t3d4pof5hhjg2pk2, O_RDWR) failed: No such file or directory (2) in /home/ubuntu/workspace/web1.0/views/login.php on line 2
[13-Jul-2016 02:59:31 UTC] PHP Stack trace:
[13-Jul-2016 02:59:31 UTC] PHP   1. {main}() /home/ubuntu/workspace/web1.0/views/login.php:0
[13-Jul-2016 02:59:31 UTC] PHP   2. session_start() /home/ubuntu/workspace/web1.0/views/login.php:2
[15-Jul-2016 01:37:33 UTC] PHP Warning:  Invalid argument supplied for foreach() in /home/ubuntu/workspace/web1.0/views/member.php on line 144
[15-Jul-2016 01:37:33 UTC] PHP Stack trace:
[15-Jul-2016 01:37:33 UTC] PHP   1. {main}() /home/ubuntu/workspace/web1.0/views/member.php:0
[15-Jul-2016 01:37:56 UTC] PHP Warning:  Invalid argument supplied for foreach() in /home/ubuntu/workspace/web1.0/views/member.php on line 144
[15-Jul-2016 01:37:56 UTC] PHP Stack trace:
[15-Jul-2016 01:37:56 UTC] PHP   1. {main}() /home/ubuntu/workspace/web1.0/views/member.php:0
[15-Jul-2016 01:38:07 UTC] PHP Warning:  Invalid argument supplied for foreach() in /home/ubuntu/workspace/web1.0/views/member.php on line 144
[15-Jul-2016 01:38:07 UTC] PHP Stack trace:
[15-Jul-2016 01:38:07 UTC] PHP   1. {main}() /home/ubuntu/workspace/web1.0/views/member.php:0
[15-Jul-2016 07:34:42 UTC] PHP Warning:  require(signIn.php): failed to open stream: No such file or directory in /home/ubuntu/workspace/web1.0/views/login.php on line 3
[15-Jul-2016 07:34:42 UTC] PHP Stack trace:
[15-Jul-2016 07:34:42 UTC] PHP   1. {main}() /home/ubuntu/workspace/web1.0/views/login.php:0
[15-Jul-2016 07:34:42 UTC] PHP Fatal error:  require(): Failed opening required 'signIn.php' (include_path='.:/usr/share/php:/usr/share/pear') in /home/ubuntu/workspace/web1.0/views/login.php on line 3
[15-Jul-2016 07:34:42 UTC] PHP Stack trace:
[15-Jul-2016 07:34:42 UTC] PHP   1. {main}() /home/ubuntu/workspace/web1.0/views/login.php:0
[15-Jul-2016 08:01:03 UTC] PHP Warning:  require(signIn.php): failed to open stream: No such file or directory in /home/ubuntu/workspace/web1.0/views/login.php on line 4
[15-Jul-2016 08:01:03 UTC] PHP Stack trace:
[15-Jul-2016 08:01:03 UTC] PHP   1. {main}() /home/ubuntu/workspace/web1.0/views/login.php:0
[15-Jul-2016 08:01:03 UTC] PHP Fatal error:  require(): Failed opening required 'signIn.php' (include_path='.:/usr/share/php:/usr/share/pear') in /home/ubuntu/workspace/web1.0/views/login.php on line 4
[15-Jul-2016 08:01:03 UTC] PHP Stack trace:
[15-Jul-2016 08:01:03 UTC] PHP   1. {main}() /home/ubuntu/workspace/web1.0/views/login.php:0
[15-Jul-2016 08:15:15 UTC] PHP Warning:  session_start(): open(/var/lib/php/session/sess_v42u28bqs1q1gvq29c7ne22727, O_RDWR) failed: No such file or directory (2) in /home/ubuntu/workspace/web1.0/views/login.php on line 2
[15-Jul-2016 08:15:15 UTC] PHP Stack trace:
[15-Jul-2016 08:15:15 UTC] PHP   1. {main}() /home/ubuntu/workspace/web1.0/views/login.php:0
[15-Jul-2016 08:15:15 UTC] PHP   2. session_start() /home/ubuntu/workspace/web1.0/views/login.php:2
[15-Jul-2016 08:17:55 UTC] PHP Warning:  session_start(): open(/web1.0/sessions/sess_v42u28bqs1q1gvq29c7ne22727, O_RDWR) failed: No such file or directory (2) in /home/ubuntu/workspace/web1.0/views/login.php on line 3
[15-Jul-2016 08:17:55 UTC] PHP Stack trace:
[15-Jul-2016 08:17:55 UTC] PHP   1. {main}() /home/ubuntu/workspace/web1.0/views/login.php:0
[15-Jul-2016 08:17:55 UTC] PHP   2. session_start() /home/ubuntu/workspace/web1.0/views/login.php:3
[15-Jul-2016 08:20:51 UTC] PHP Warning:  session_start(): open(/var/lib/php/session/sess_2g9eltrg7mlpjlesne5dit9590, O_RDWR) failed: No such file or directory (2) in /home/ubuntu/workspace/web1.0/views/index.php on line 2
[15-Jul-2016 08:20:51 UTC] PHP Stack trace:
[15-Jul-2016 08:20:51 UTC] PHP   1. {main}() /home/ubuntu/workspace/web1.0/views/index.php:0
[15-Jul-2016 08:20:51 UTC] PHP   2. session_start() /home/ubuntu/workspace/web1.0/views/index.php:2
[18-Jul-2016 02:18:14 UTC] PHP Warning:  require(autoCheckNumber.php): failed to open stream: No such file or directory in /home/ubuntu/workspace/web1.0/views/index.php on line 11
[18-Jul-2016 02:18:14 UTC] PHP Stack trace:
[18-Jul-2016 02:18:14 UTC] PHP   1. {main}() /home/ubuntu/workspace/web1.0/views/index.php:0
[18-Jul-2016 02:18:14 UTC] PHP Fatal error:  require(): Failed opening required 'autoCheckNumber.php' (include_path='.:/usr/share/php:/usr/share/pear') in /home/ubuntu/workspace/web1.0/views/index.php on line 11
[18-Jul-2016 02:18:14 UTC] PHP Stack trace:
[18-Jul-2016 02:18:14 UTC] PHP   1. {main}() /home/ubuntu/workspace/web1.0/views/index.php:0
[18-Jul-2016 02:18:41 UTC] PHP Warning:  Invalid argument supplied for foreach() in /home/ubuntu/workspace/web1.0/views/index.php on line 14
[18-Jul-2016 02:18:41 UTC] PHP Stack trace:
[18-Jul-2016 02:18:41 UTC] PHP   1. {main}() /home/ubuntu/workspace/web1.0/views/index.php:0
[18-Jul-2016 02:26:47 UTC] PHP Warning:  Invalid argument supplied for foreach() in /home/ubuntu/workspace/web1.0/views/index.php on line 15
[18-Jul-2016 02:26:47 UTC] PHP Stack trace:
[18-Jul-2016 02:26:47 UTC] PHP   1. {main}() /home/ubuntu/workspace/web1.0/views/index.php:0
[18-Jul-2016 02:26:47 UTC] PHP Warning:  Invalid argument supplied for foreach() in /home/ubuntu/workspace/web1.0/views/index.php on line 15
[18-Jul-2016 02:26:47 UTC] PHP Stack trace:
[18-Jul-2016 02:26:47 UTC] PHP   1. {main}() /home/ubuntu/workspace/web1.0/views/index.php:0
[18-Jul-2016 06:03:35 UTC] PHP Warning:  Invalid argument supplied for foreach() in /home/ubuntu/workspace/web1.0/views/index.php on line 14
[18-Jul-2016 06:03:35 UTC] PHP Stack trace:
[18-Jul-2016 06:03:35 UTC] PHP   1. {main}() /home/ubuntu/workspace/web1.0/views/index.php:0
[18-Jul-2016 06:13:45 UTC] PHP Warning:  require(getMemberEmail.php): failed to open stream: No such file or directory in /home/ubuntu/workspace/web1.0/views/index.php on line 12
[18-Jul-2016 06:13:45 UTC] PHP Stack trace:
[18-Jul-2016 06:13:45 UTC] PHP   1. {main}() /home/ubuntu/workspace/web1.0/views/index.php:0
[18-Jul-2016 06:13:45 UTC] PHP Fatal error:  require(): Failed opening required 'getMemberEmail.php' (include_path='.:/usr/share/php:/usr/share/pear') in /home/ubuntu/workspace/web1.0/views/index.php on line 12
[18-Jul-2016 06:13:45 UTC] PHP Stack trace:
[18-Jul-2016 06:13:45 UTC] PHP   1. {main}() /home/ubuntu/workspace/web1.0/views/index.php:0
[18-Jul-2016 06:16:25 UTC] PHP Warning:  require(getMemberEmail.php): failed to open stream: No such file or directory in /home/ubuntu/workspace/web1.0/views/index.php on line 12
[18-Jul-2016 06:16:25 UTC] PHP Stack trace:
[18-Jul-2016 06:16:25 UTC] PHP   1. {main}() /home/ubuntu/workspace/web1.0/views/index.php:0
[18-Jul-2016 06:16:25 UTC] PHP Fatal error:  require(): Failed opening required 'getMemberEmail.php' (include_path='.:/usr/share/php:/usr/share/pear') in /home/ubuntu/workspace/web1.0/views/index.php on line 12
[18-Jul-2016 06:16:25 UTC] PHP Stack trace:
[18-Jul-2016 06:16:25 UTC] PHP   1. {main}() /home/ubuntu/workspace/web1.0/views/index.php:0
[18-Jul-2016 06:17:31 UTC] PHP Warning:  require(getMemberEmail.php): failed to open stream: No such file or directory in /home/ubuntu/workspace/web1.0/views/index.php on line 12
[18-Jul-2016 06:17:31 UTC] PHP Stack trace:
[18-Jul-2016 06:17:31 UTC] PHP   1. {main}() /home/ubuntu/workspace/web1.0/views/index.php:0
[18-Jul-2016 06:17:31 UTC] PHP Fatal error:  require(): Failed opening required 'getMemberEmail.php' (include_path='.:/usr/share/php:/usr/share/pear') in /home/ubuntu/workspace/web1.0/views/index.php on line 12
[18-Jul-2016 06:17:31 UTC] PHP Stack trace:
[18-Jul-2016 06:17:31 UTC] PHP   1. {main}() /home/ubuntu/workspace/web1.0/views/index.php:0
[18-Jul-2016 06:20:20 UTC] PHP Warning:  Invalid argument supplied for foreach() in /home/ubuntu/workspace/web1.0/views/index.php on line 15
[18-Jul-2016 06:20:20 UTC] PHP Stack trace:
[18-Jul-2016 06:20:20 UTC] PHP   1. {main}() /home/ubuntu/workspace/web1.0/views/index.php:0
[18-Jul-2016 06:41:31 UTC] PHP Fatal error:  Call to undefined function auotCheck() in /home/ubuntu/workspace/web1.0/views/index.php on line 17
[18-Jul-2016 06:41:31 UTC] PHP Stack trace:
[18-Jul-2016 06:41:31 UTC] PHP   1. {main}() /home/ubuntu/workspace/web1.0/views/index.php:0
[18-Jul-2016 06:41:31 UTC] PHP   2. setAutoCheckMessage() /home/ubuntu/workspace/web1.0/views/index.php:10
[18-Jul-2016 06:43:20 UTC] PHP Warning:  Invalid argument supplied for foreach() in /home/ubuntu/workspace/web1.0/views/index.php on line 17
[18-Jul-2016 06:43:20 UTC] PHP Stack trace:
[18-Jul-2016 06:43:20 UTC] PHP   1. {main}() /home/ubuntu/workspace/web1.0/views/index.php:0
[18-Jul-2016 06:43:20 UTC] PHP   2. setAutoCheckMessage() /home/ubuntu/workspace/web1.0/views/index.php:10
[18-Jul-2016 07:56:31 UTC] PHP Warning:  Invalid argument supplied for foreach() in /home/ubuntu/workspace/web1.0/views/index.php on line 13
[18-Jul-2016 07:56:31 UTC] PHP Stack trace:
[18-Jul-2016 07:56:31 UTC] PHP   1. {main}() /home/ubuntu/workspace/web1.0/views/index.php:0
